0 info it worked if it ends with ok
1 verbose cli [ '/usr/bin/nodejs', '/usr/bin/npm', 'run', 'tsc' ]
2 info using npm@3.5.2
3 info using node@v4.2.6
4 verbose run-script [ 'pretsc', 'tsc', 'posttsc' ]
5 info lifecycle ts_essentials@1.0.0~pretsc: ts_essentials@1.0.0
6 silly lifecycle ts_essentials@1.0.0~pretsc: no script for pretsc, continuing
7 info lifecycle ts_essentials@1.0.0~tsc: ts_essentials@1.0.0
8 verbose lifecycle ts_essentials@1.0.0~tsc: unsafe-perm in lifecycle true
9 verbose lifecycle ts_essentials@1.0.0~tsc: PATH: /usr/share/npm/bin/node-gyp-bin:/home/camilo/Documents/dev/ts/node_modules/.bin:/home/camilo/bin:/home/camilo/.local/bin:/usr/local/sbin:/usr/local/bin:/usr/sbin:/usr/bin:/sbin:/bin:/usr/games:/usr/local/games:/snap/bin
10 verbose lifecycle ts_essentials@1.0.0~tsc: CWD: /home/camilo/Documents/dev/ts
11 silly lifecycle ts_essentials@1.0.0~tsc: Args: [ '-c', 'tsc' ]
12 info lifecycle ts_essentials@1.0.0~tsc: Failed to exec tsc script
13 verbose stack Error: ts_essentials@1.0.0 tsc: `tsc`
13 verbose stack spawn ENOENT
13 verbose stack     at ChildProcess.<anonymous> (/usr/share/npm/lib/utils/spawn.js:17:16)
13 verbose stack     at emitTwo (events.js:87:13)
13 verbose stack     at ChildProcess.emit (events.js:172:7)
13 verbose stack     at maybeClose (internal/child_process.js:821:16)
13 verbose stack     at Process.ChildProcess._handle.onexit (internal/child_process.js:211:5)
14 verbose pkgid ts_essentials@1.0.0
15 verbose cwd /home/camilo/Documents/dev/ts
16 error Linux 4.13.0-37-generic
17 error argv "/usr/bin/nodejs" "/usr/bin/npm" "run" "tsc"
18 error node v4.2.6
19 error npm  v3.5.2
20 error file sh
21 error code ELIFECYCLE
22 error errno ENOENT
23 error syscall spawn
24 error ts_essentials@1.0.0 tsc: `tsc`
24 error spawn ENOENT
25 error Failed at the ts_essentials@1.0.0 tsc script 'tsc'.
25 error Make sure you have the latest version of node.js and npm installed.
25 error If you do, this is most likely a problem with the ts_essentials package,
25 error not with npm itself.
25 error Tell the author that this fails on your system:
25 error     tsc
25 error You can get information on how to open an issue for this project with:
25 error     npm bugs ts_essentials
25 error Or if that isn't available, you can get their info via:
25 error     npm owner ls ts_essentials
25 error There is likely additional logging output above.
26 verbose exit [ 1, true ]
